#
# There is insufficient memory for the Java Runtime Environment to continue.
# Native memory allocation (malloc) failed to allocate 185344 bytes for Chunk::new
# Possible reasons:
#   The system is out of physical RAM or swap space
#   The process is running with CompressedOops enabled, and the Java Heap may be blocking the growth of the native heap
# Possible solutions:
#   Reduce memory load on the system
#   Increase physical memory or swap space
#   Check if swap backing store is full
#   Decrease Java heap size (-Xmx/-Xms)
#   Decrease number of Java threads
#   Decrease Java thread stack sizes (-Xss)
#   Set larger code cache with -XX:ReservedCodeCacheSize=
#   JVM is running with Zero Based Compressed Oops mode in which the Java heap is
#     placed in the first 32GB address space. The Java Heap base address is the
#     maximum limit for the native heap growth. Please use -XX:HeapBaseMinAddress
#     to set the Java Heap base and to place the Java Heap above 32GB virtual address.
# This output file may be truncated or incomplete.
#
#  Out of Memory Error (arena.cpp:184), pid=20680, tid=23356
#
# JRE version: OpenJDK Runtime Environment (20.0.2+9) (build 20.0.2+9-78)
# Java VM: OpenJDK 64-Bit Server VM (20.0.2+9-78, mixed mode, sharing, tiered, compressed oops, compressed class ptrs, g1 gc, windows-amd64)
# No core dump will be written. Minidumps are not enabled by default on client versions of Windows
#

---------------  S U M M A R Y ------------

Command Line: -javaagent:C:\Users\Admin\AppData\Local\JetBrains\IntelliJ IDEA Community Edition 2023.2.1\lib\idea_rt.jar=54410:C:\Users\Admin\AppData\Local\JetBrains\IntelliJ IDEA Community Edition 2023.2.1\bin -Dfile.encoding=UTF-8 -Dsun.stdout.encoding=UTF-8 -Dsun.stderr.encoding=UTF-8 homework.LongSentence

Host: Intel(R) Core(TM) i5-8400 CPU @ 2.80GHz, 6 cores, 15G,  Windows 10 , 64 bit Build 19041 (10.0.19041.3393)
Time: Wed Oct 11 10:44:37 2023 RTZ 2 (s 10 , 64 bit Build 19041 (10.0.19041.3393) elapsed time: 0.132685 seconds (0d 0h 0m 0s)

---------------  T H R E A D  ---------------

Current thread (0x000002c1c4280ba0):  JavaThread "C2 CompilerThread0" daemon [_thread_in_native, id=23356, stack(0x000000fddca00000,0x000000fddcb00000)]


Current CompileTask:
C2:    132  132       4       java.util.HashMap::putVal (300 bytes)

Stack: [0x000000fddca00000,0x000000fddcb00000]
Native frames: (J=compiled Java code, j=interpreted, Vv=VM code, C=native code)
V  [jvm.dll+0x6bc25a]
V  [jvm.dll+0x84971a]
V  [jvm.dll+0x84b315]
V  [jvm.dll+0x84ba13]
V  [jvm.dll+0x280e4f]
V  [jvm.dll+0xc2ab1]
V  [jvm.dll+0xc2dd5]
V  [jvm.dll+0x3bb64c]
V  [jvm.dll+0x385b75]
V  [jvm.dll+0x384fea]
V  [jvm.dll+0x24b529]
V  [jvm.dll+0x24a921]
V  [jvm.dll+0x1ce761]
V  [jvm.dll+0x25a0eb]
V  [jvm.dll+0x2587c0]
V  [jvm.dll+0x3f2dd5]
V  [jvm.dll+0x7f5c76]
V  [jvm.dll+0x6baecb]
C  [ucrtbase.dll+0x21bb2]
C  [KERNEL32.DLL+0x17344]
C  [ntdll.dll+0x526b1]


---------------  P R O C E S S  ---------------

Threads class SMR info:
_java_thread_list=0x000002c2094a14a0, length=10, elements={
0x000002c1a3248960, 0x000002c1c4251980, 0x000002c1c42547e0, 0x000002c1c4256400,
0x000002c1c42590b0, 0x000002c1c4259b90, 0x000002c1c425cc80, 0x000002c1c4280ba0,
0x000002c1c42869a0, 0x000002c1c421f2e0
}

Java Threads: ( => current thread )
  0x000002c1a3248960 JavaThread "main" [_thread_in_native, id=2356, stack(0x000000fddbd00000,0x000000fddbe00000)]
  0x000002c1c4251980 JavaThread "Reference Handler" daemon [_thread_blocked, id=21792, stack(0x000000fddc400000,0x000000fddc500000)]
  0x000002c1c42547e0 JavaThread "Finalizer" daemon [_thread_blocked, id=22548, stack(0x000000fddc500000,0x000000fddc600000)]
  0x000002c1c4256400 JavaThread "Signal Dispatcher" daemon [_thread_blocked, id=20644, stack(0x000000fddc600000,0x000000fddc700000)]
  0x000002c1c42590b0 JavaThread "Attach Listener" daemon [_thread_blocked, id=18420, stack(0x000000fddc700000,0x000000fddc800000)]
  0x000002c1c4259b90 JavaThread "Service Thread" daemon [_thread_blocked, id=21720, stack(0x000000fddc800000,0x000000fddc900000)]
  0x000002c1c425cc80 JavaThread "Monitor Deflation Thread" daemon [_thread_blocked, id=23076, stack(0x000000fddc900000,0x000000fddca00000)]
=>0x000002c1c4280ba0 JavaThread "C2 CompilerThread0" daemon [_thread_in_native, id=23356, stack(0x000000fddca00000,0x000000fddcb00000)]
  0x000002c1c42869a0 JavaThread "C1 CompilerThread0" daemon [_thread_blocked, id=9512, stack(0x000000fddcb00000,0x000000fddcc00000)]
  0x000002c1c421f2e0 JavaThread "Common-Cleaner" daemon [_thread_blocked, id=21668, stack(0x000000fddcc00000,0x000000fddcd00000)]

Other Threads:
  0x000002c1c4233b40 VMThread "VM Thread" [stack: 0x000000fddc300000,0x000000fddc400000] [id=22776]
  0x000002c1a32b98d0 WorkerThread "GC Thread#0" [stack: 0x000000fddbe00000,0x000000fddbf00000] [id=2080]
  0x000002c1a32ca2b0 ConcurrentGCThread "G1 Main Marker" [stack: 0x000000fddbf00000,0x000000fddc000000] [id=16588]
  0x000002c1a32cace0 WorkerThread "G1 Conc#0" [stack: 0x000000fddc000000,0x000000fddc100000] [id=20268]
  0x000002c1a331e120 ConcurrentGCThread "G1 Refine#0" [stack: 0x000000fddc100000,0x000000fddc200000] [id=4804]
  0x000002c1a331ebc0 ConcurrentGCThread "G1 Service" [stack: 0x000000fddc200000,0x000000fddc300000] [id=10316]

Threads with active compile tasks:
C2 CompilerThread0      157  132       4       java.util.HashMap::putVal (300 bytes)

VM state: not at safepoint (normal execution)

VM Mutex/Monitor currently owned by a thread: None

Heap address: 0x0000000705200000, size: 4014 MB, Compressed Oops mode: Zero based, Oop shift amount: 3

CDS archive(s) mapped at: [0x000002c1c4400000-0x000002c1c5060000-0x000002c1c5060000), size 12976128, SharedBaseAddress: 0x000002c1c4400000, ArchiveRelocationMode: 1.
Compressed class space mapped at: 0x000002c1c5400000-0x000002c205400000, reserved size: 1073741824
Narrow klass base: 0x000002c1c4400000, Narrow klass shift: 0, Narrow klass range: 0x100000000

GC Precious Log:
 CardTable entry size: 512
 Card Set container configuration: InlinePtr #cards 4 size 8 Array Of Cards #cards 16 size 48 Howl #buckets 8 coarsen threshold 3686 Howl Bitmap #cards 512 size 80 coarsen threshold 460 Card regions per heap region 1 cards per card region 4096
 CPUs: 6 total, 6 available
 Memory: 16055M
 Large Page Support: Disabled
 NUMA Support: Disabled
 Compressed Oops: Enabled (Zero based)
 Heap Region Size: 2M
 Heap Min Capacity: 8M
 Heap Initial Capacity: 252M
 Heap Max Capacity: 4014M
 Pre-touch: Disabled
 Parallel Workers: 6
 Concurrent Workers: 2
 Concurrent Refinement Workers: 6
 Periodic GC: Disabled

Heap:
 garbage-first heap   total 258048K, used 2048K [0x0000000705200000, 0x0000000800000000)
  region size 2048K, 2 young (4096K), 0 survivors (0K)
 Metaspace       used 351K, committed 512K, reserved 1114112K
  class space    used 20K, committed 128K, reserved 1048576K

Heap Regions: E=young(eden), S=young(survivor), O=old, HS=humongous(starts), HC=humongous(continues), CS=collection set, F=free, OA=open archive, CA=closed archive, TAMS=top-at-mark-start, PB=parsable bottom
|   0|0x0000000705200000, 0x0000000705200000, 0x0000000705400000|  0%| F|  |TAMS 0x0000000705200000| PB 0x0000000705200000| Untracked 
|   1|0x0000000705400000, 0x0000000705400000, 0x0000000705600000|  0%| F|  |TAMS 0x0000000705400000| PB 0x0000000705400000| Untracked 
|   2|0x0000000705600000, 0x0000000705600000, 0x0000000705800000|  0%| F|  |TAMS 0x0000000705600000| PB 0x0000000705600000| Untracked 
|   3|0x0000000705800000, 0x0000000705800000, 0x0000000705a00000|  0%| F|  |TAMS 0x0000000705800000| PB 0x0000000705800000| Untracked 
|   4|0x0000000705a00000, 0x0000000705a00000, 0x0000000705c00000|  0%| F|  |TAMS 0x0000000705a00000| PB 0x0000000705a00000| Untracked 
|   5|0x0000000705c00000, 0x0000000705c00000, 0x0000000705e00000|  0%| F|  |TAMS 0x0000000705c00000| PB 0x0000000705c00000| Untracked 
|   6|0x0000000705e00000, 0x0000000705e00000, 0x0000000706000000|  0%| F|  |TAMS 0x0000000705e00000| PB 0x0000000705e00000| Untracked 
|   7|0x0000000706000000, 0x0000000706000000, 0x0000000706200000|  0%| F|  |TAMS 0x0000000706000000| PB 0x0000000706000000| Untracked 
|   8|0x0000000706200000, 0x0000000706200000, 0x0000000706400000|  0%| F|  |TAMS 0x0000000706200000| PB 0x0000000706200000| Untracked 
|   9|0x0000000706400000, 0x0000000706400000, 0x0000000706600000|  0%| F|  |TAMS 0x0000000706400000| PB 0x0000000706400000| Untracked 
|  10|0x0000000706600000, 0x0000000706600000, 0x0000000706800000|  0%| F|  |TAMS 0x0000000706600000| PB 0x0000000706600000| Untracked 
|  11|0x0000000706800000, 0x0000000706800000, 0x0000000706a00000|  0%| F|  |TAMS 0x0000000706800000| PB 0x0000000706800000| Untracked 
|  12|0x0000000706a00000, 0x0000000706a00000, 0x0000000706c00000|  0%| F|  |TAMS 0x0000000706a00000| PB 0x0000000706a00000| Untracked 
|  13|0x0000000706c00000, 0x0000000706c00000, 0x0000000706e00000|  0%| F|  |TAMS 0x0000000706c00000| PB 0x0000000706c00000| Untracked 
|  14|0x0000000706e00000, 0x0000000706e00000, 0x0000000707000000|  0%| F|  |TAMS 0x0000000706e00000| PB 0x0000000706e00000| Untracked 
|  15|0x0000000707000000, 0x0000000707000000, 0x0000000707200000|  0%| F|  |TAMS 0x0000000707000000| PB 0x0000000707000000| Untracked 
|  16|0x0000000707200000, 0x0000000707200000, 0x0000000707400000|  0%| F|  |TAMS 0x0000000707200000| PB 0x0000000707200000| Untracked 
|  17|0x0000000707400000, 0x0000000707400000, 0x0000000707600000|  0%| F|  |TAMS 0x0000000707400000| PB 0x0000000707400000| Untracked 
|  18|0x0000000707600000, 0x0000000707600000, 0x0000000707800000|  0%| F|  |TAMS 0x0000000707600000| PB 0x0000000707600000| Untracked 
|  19|0x0000000707800000, 0x0000000707800000, 0x0000000707a00000|  0%| F|  |TAMS 0x0000000707800000| PB 0x0000000707800000| Untracked 
|  20|0x0000000707a00000, 0x0000000707a00000, 0x0000000707c00000|  0%| F|  |TAMS 0x0000000707a00000| PB 0x0000000707a00000| Untracked 
|  21|0x0000000707c00000, 0x0000000707c00000, 0x0000000707e00000|  0%| F|  |TAMS 0x0000000707c00000| PB 0x0000000707c00000| Untracked 
|  22|0x0000000707e00000, 0x0000000707e00000, 0x0000000708000000|  0%| F|  |TAMS 0x0000000707e00000| PB 0x0000000707e00000| Untracked 
|  23|0x0000000708000000, 0x0000000708000000, 0x0000000708200000|  0%| F|  |TAMS 0x0000000708000000| PB 0x0000000708000000| Untracked 
|  24|0x0000000708200000, 0x0000000708200000, 0x0000000708400000|  0%| F|  |TAMS 0x0000000708200000| PB 0x0000000708200000| Untracked 
|  25|0x0000000708400000, 0x0000000708400000, 0x0000000708600000|  0%| F|  |TAMS 0x0000000708400000| PB 0x0000000708400000| Untracked 
|  26|0x0000000708600000, 0x0000000708600000, 0x0000000708800000|  0%| F|  |TAMS 0x0000000708600000| PB 0x0000000708600000| Untracked 
|  27|0x0000000708800000, 0x0000000708800000, 0x0000000708a00000|  0%| F|  |TAMS 0x0000000708800000| PB 0x0000000708800000| Untracked 
|  28|0x0000000708a00000, 0x0000000708a00000, 0x0000000708c00000|  0%| F|  |TAMS 0x0000000708a00000| PB 0x0000000708a00000| Untracked 
|  29|0x0000000708c00000, 0x0000000708c00000, 0x0000000708e00000|  0%| F|  |TAMS 0x0000000708c00000| PB 0x0000000708c00000| Untracked 
|  30|0x0000000708e00000, 0x0000000708e00000, 0x0000000709000000|  0%| F|  |TAMS 0x0000000708e00000| PB 0x0000000708e00000| Untracked 
|  31|0x0000000709000000, 0x0000000709000000, 0x0000000709200000|  0%| F|  |TAMS 0x0000000709000000| PB 0x0000000709000000| Untracked 
|  32|0x0000000709200000, 0x0000000709200000, 0x0000000709400000|  0%| F|  |TAMS 0x0000000709200000| PB 0x0000000709200000| Untracked 
|  33|0x0000000709400000, 0x0000000709400000, 0x0000000709600000|  0%| F|  |TAMS 0x0000000709400000| PB 0x0000000709400000| Untracked 
|  34|0x0000000709600000, 0x0000000709600000, 0x0000000709800000|  0%| F|  |TAMS 0x0000000709600000| PB 0x0000000709600000| Untracked 
|  35|0x0000000709800000, 0x0000000709800000, 0x0000000709a00000|  0%| F|  |TAMS 0x0000000709800000| PB 0x0000000709800000| Untracked 
|  36|0x0000000709a00000, 0x0000000709a00000, 0x0000000709c00000|  0%| F|  |TAMS 0x0000000709a00000| PB 0x0000000709a00000| Untracked 
|  37|0x0000000709c00000, 0x0000000709c00000, 0x0000000709e00000|  0%| F|  |TAMS 0x0000000709c00000| PB 0x0000000709c00000| Untracked 
|  38|0x0000000709e00000, 0x0000000709e00000, 0x000000070a000000|  0%| F|  |TAMS 0x0000000709e00000| PB 0x0000000709e00000| Untracked 
|  39|0x000000070a000000, 0x000000070a000000, 0x000000070a200000|  0%| F|  |TAMS 0x000000070a000000| PB 0x000000070a000000| Untracked 
|  40|0x000000070a200000, 0x000000070a200000, 0x000000070a400000|  0%| F|  |TAMS 0x000000070a200000| PB 0x000000070a200000| Untracked 
|  41|0x000000070a400000, 0x000000070a400000, 0x000000070a600000|  0%| F|  |TAMS 0x000000070a400000| PB 0x000000070a400000| Untracked 
|  42|0x000000070a600000, 0x000000070a600000, 0x000000070a800000|  0%| F|  |TAMS 0x000000070a600000| PB 0x000000070a600000| Untracked 
|  43|0x000000070a800000, 0x000000070a800000, 0x000000070aa00000|  0%| F|  |TAMS 0x000000070a800000| PB 0x000000070a800000| Untracked 
|  44|0x000000070aa00000, 0x000000070aa00000, 0x000000070ac00000|  0%| F|  |TAMS 0x000000070aa00000| PB 0x000000070aa00000| Untracked 
|  45|0x000000070ac00000, 0x000000070ac00000, 0x000000070ae00000|  0%| F|  |TAMS 0x000000070ac00000| PB 0x000000070ac00000| Untracked 
|  46|0x000000070ae00000, 0x000000070ae00000, 0x000000070b000000|  0%| F|  |TAMS 0x000000070ae00000| PB 0x000000070ae00000| Untracked 
|  47|0x000000070b000000, 0x000000070b000000, 0x000000070b200000|  0%| F|  |TAMS 0x000000070b000000| PB 0x000000070b000000| Untracked 
|  48|0x000000070b200000, 0x000000070b200000, 0x000000070b400000|  0%| F|  |TAMS 0x000000070b200000| PB 0x000000070b200000| Untracked 
|  49|0x000000070b400000, 0x000000070b400000, 0x000000070b600000|  0%| F|  |TAMS 0x000000070b400000| PB 0x000000070b400000| Untracked 
|  50|0x000000070b600000, 0x000000070b600000, 0x000000070b800000|  0%| F|  |TAMS 0x000000070b600000| PB 0x000000070b600000| Untracked 
|  51|0x000000070b800000, 0x000000070b800000, 0x000000070ba00000|  0%| F|  |TAMS 0x000000070b800000| PB 0x000000070b800000| Untracked 
|  52|0x000000070ba00000, 0x000000070ba00000, 0x000000070bc00000|  0%| F|  |TAMS 0x000000070ba00000| PB 0x000000070ba00000| Untracked 
|  53|0x000000070bc00000, 0x000000070bc00000, 0x000000070be00000|  0%| F|  |TAMS 0x000000070bc00000| PB 0x000000070bc00000| Untracked 
|  54|0x000000070be00000, 0x000000070be00000, 0x000000070c000000|  0%| F|  |TAMS 0x000000070be00000| PB 0x000000070be00000| Untracked 
|  55|0x000000070c000000, 0x000000070c000000, 0x000000070c200000|  0%| F|  |TAMS 0x000000070c000000| PB 0x000000070c000000| Untracked 
|  56|0x000000070c200000, 0x000000070c200000, 0x000000070c400000|  0%| F|  |TAMS 0x000000070c200000| PB 0x000000070c200000| Untracked 
|  57|0x000000070c400000, 0x000000070c400000, 0x000000070c600000|  0%| F|  |TAMS 0x000000070c400000| PB 0x000000070c400000| Untracked 
|  58|0x000000070c600000, 0x000000070c600000, 0x000000070c800000|  0%| F|  |TAMS 0x000000070c600000| PB 0x000000070c600000| Untracked 
|  59|0x000000070c800000, 0x000000070c800000, 0x000000070ca00000|  0%| F|  |TAMS 0x000000070c800000| PB 0x000000070c800000| Untracked 
|  60|0x000000070ca00000, 0x000000070ca00000, 0x000000070cc00000|  0%| F|  |TAMS 0x000000070ca00000| PB 0x000000070ca00000| Untracked 
|  61|0x000000070cc00000, 0x000000070cc00000, 0x000000070ce00000|  0%| F|  |TAMS 0x000000070cc00000| PB 0x000000070cc00000| Untracked 
|  62|0x000000070ce00000, 0x000000070ce00000, 0x000000070d000000|  0%| F|  |TAMS 0x000000070ce00000| PB 0x000000070ce00000| Untracked 
|  63|0x000000070d000000, 0x000000070d000000, 0x000000070d200000|  0%| F|  |TAMS 0x000000070d000000| PB 0x000000070d000000| Untracked 
|  64|0x000000070d200000, 0x000000070d200000, 0x000000070d400000|  0%| F|  |TAMS 0x000000070d200000| PB 0x000000070d200000| Untracked 
|  65|0x000000070d400000, 0x000000070d400000, 0x000000070d600000|  0%| F|  |TAMS 0x000000070d400000| PB 0x000000070d400000| Untracked 
|  66|0x000000070d600000, 0x000000070d600000, 0x000000070d800000|  0%| F|  |TAMS 0x000000070d600000| PB 0x000000070d600000| Untracked 
|  67|0x000000070d800000, 0x000000070d800000, 0x000000070da00000|  0%| F|  |TAMS 0x000000070d800000| PB 0x000000070d800000| Untracked 
|  68|0x000000070da00000, 0x000000070da00000, 0x000000070dc00000|  0%| F|  |TAMS 0x000000070da00000| PB 0x000000070da00000| Untracked 
|  69|0x000000070dc00000, 0x000000070dc00000, 0x000000070de00000|  0%| F|  |TAMS 0x000000070dc00000| PB 0x000000070dc00000| Untracked 
|  70|0x000000070de00000, 0x000000070de00000, 0x000000070e000000|  0%| F|  |TAMS 0x000000070de00000| PB 0x000000070de00000| Untracked 
|  71|0x000000070e000000, 0x000000070e000000, 0x000000070e200000|  0%| F|  |TAMS 0x000000070e000000| PB 0x000000070e000000| Untracked 
|  72|0x000000070e200000, 0x000000070e200000, 0x000000070e400000|  0%| F|  |TAMS 0x000000070e200000| PB 0x000000070e200000| Untracked 
|  73|0x000000070e400000, 0x000000070e400000, 0x000000070e600000|  0%| F|  |TAMS 0x000000070e400000| PB 0x000000070e400000| Untracked 
|  74|0x000000070e600000, 0x000000070e600000, 0x000000070e800000|  0%| F|  |TAMS 0x000000070e600000| PB 0x000000070e600000| Untracked 
|  75|0x000000070e800000, 0x000000070e800000, 0x000000070ea00000|  0%| F|  |TAMS 0x000000070e800000| PB 0x000000070e800000| Untracked 
|  76|0x000000070ea00000, 0x000000070ea00000, 0x000000070ec00000|  0%| F|  |TAMS 0x000000070ea00000| PB 0x000000070ea00000| Untracked 
|  77|0x000000070ec00000, 0x000000070ec00000, 0x000000070ee00000|  0%| F|  |TAMS 0x000000070ec00000| PB 0x000000070ec00000| Untracked 
|  78|0x000000070ee00000, 0x000000070ee00000, 0x000000070f000000|  0%| F|  |TAMS 0x000000070ee00000| PB 0x000000070ee00000| Untracked 
|  79|0x000000070f000000, 0x000000070f000000, 0x000000070f200000|  0%| F|  |TAMS 0x000000070f000000| PB 0x000000070f000000| Untracked 
|  80|0x000000070f200000, 0x000000070f200000, 0x000000070f400000|  0%| F|  |TAMS 0x000000070f200000| PB 0x000000070f200000| Untracked 
|  81|0x000000070f400000, 0x000000070f400000, 0x000000070f600000|  0%| F|  |TAMS 0x000000070f400000| PB 0x000000070f400000| Untracked 
|  82|0x000000070f600000, 0x000000070f600000, 0x000000070f800000|  0%| F|  |TAMS 0x000000070f600000| PB 0x000000070f600000| Untracked 
|  83|0x000000070f800000, 0x000000070f800000, 0x000000070fa00000|  0%| F|  |TAMS 0x000000070f800000| PB 0x000000070f800000| Untracked 
|  84|0x000000070fa00000, 0x000000070fa00000, 0x000000070fc00000|  0%| F|  |TAMS 0x000000070fa00000| PB 0x000000070fa00000| Untracked 
|  85|0x000000070fc00000, 0x000000070fc00000, 0x000000070fe00000|  0%| F|  |TAMS 0x000000070fc00000| PB 0x000000070fc00000| Untracked 
|  86|0x000000070fe00000, 0x000000070fe00000, 0x0000000710000000|  0%| F|  |TAMS 0x000000070fe00000| PB 0x000000070fe00000| Untracked 
|  87|0x0000000710000000, 0x0000000710000000, 0x0000000710200000|  0%| F|  |TAMS 0x0000000710000000| PB 0x0000000710000000| Untracked 
|  88|0x0000000710200000, 0x0000000710200000, 0x0000000710400000|  0%| F|  |TAMS 0x0000000710200000| PB 0x0000000710200000| Untracked 
|  89|0x0000000710400000, 0x0000000710400000, 0x0000000710600000|  0%| F|  |TAMS 0x0000000710400000| PB 0x0000000710400000| Untracked 
|  90|0x0000000710600000, 0x0000000710600000, 0x0000000710800000|  0%| F|  |TAMS 0x0000000710600000| PB 0x0000000710600000| Untracked 
|  91|0x0000000710800000, 0x0000000710800000, 0x0000000710a00000|  0%| F|  |TAMS 0x0000000710800000| PB 0x0000000710800000| Untracked 
|  92|0x0000000710a00000, 0x0000000710a00000, 0x0000000710c00000|  0%| F|  |TAMS 0x0000000710a00000| PB 0x0000000710a00000| Untracked 
|  93|0x0000000710c00000, 0x0000000710c00000, 0x0000000710e00000|  0%| F|  |TAMS 0x0000000710c00000| PB 0x0000000710c00000| Untracked 
|  94|0x0000000710e00000, 0x0000000710e00000, 0x0000000711000000|  0%| F|  |TAMS 0x0000000710e00000| PB 0x0000000710e00000| Untracked 
|  95|0x0000000711000000, 0x0000000711000000, 0x0000000711200000|  0%| F|  |TAMS 0x0000000711000000| PB 0x0000000711000000| Untracked 
|  96|0x0000000711200000, 0x0000000711200000, 0x0000000711400000|  0%| F|  |TAMS 0x0000000711200000| PB 0x0000000711200000| Untracked 
|  97|0x0000000711400000, 0x0000000711400000, 0x0000000711600000|  0%| F|  |TAMS 0x0000000711400000| PB 0x0000000711400000| Untracked 
|  98|0x0000000711600000, 0x0000000711600000, 0x0000000711800000|  0%| F|  |TAMS 0x0000000711600000| PB 0x0000000711600000| Untracked 
|  99|0x0000000711800000, 0x0000000711800000, 0x0000000711a00000|  0%| F|  |TAMS 0x0000000711800000| PB 0x0000000711800000| Untracked 
| 100|0x0000000711a00000, 0x0000000711a00000, 0x0000000711c00000|  0%| F|  |TAMS 0x0000000711a00000| PB 0x0000000711a00000| Untracked 
| 101|0x0000000711c00000, 0x0000000711c00000, 0x0000000711e00000|  0%| F|  |TAMS 0x0000000711c00000| PB 0x0000000711c00000| Untracked 
| 102|0x0000000711e00000, 0x0000000711e00000, 0x0000000712000000|  0%| F|  |TAMS 0x0000000711e00000| PB 0x0000000711e00000| Untracked 
| 103|0x0000000712000000, 0x0000000712000000, 0x0000000712200000|  0%| F|  |TAMS 0x0000000712000000| PB 0x0000000712000000| Untracked 
| 104|0x0000000712200000, 0x0000000712200000, 0x0000000712400000|  0%| F|  |TAMS 0x0000000712200000| PB 0x0000000712200000| Untracked 
| 105|0x0000000712400000, 0x0000000712400000, 0x0000000712600000|  0%| F|  |TAMS 0x0000000712400000| PB 0x0000000712400000| Untracked 
| 106|0x0000000712600000, 0x0000000712600000, 0x0000000712800000|  0%| F|  |TAMS 0x0000000712600000| PB 0x0000000712600000| Untracked 
| 107|0x0000000712800000, 0x0000000712800000, 0x0000000712a00000|  0%| F|  |TAMS 0x0000000712800000| PB 0x0000000712800000| Untracked 
| 108|0x0000000712a00000, 0x0000000712a00000, 0x0000000712c00000|  0%| F|  |TAMS 0x0000000712a00000| PB 0x0000000712a00000| Untracked 
| 109|0x0000000712c00000, 0x0000000712c00000, 0x0000000712e00000|  0%| F|  |TAMS 0x0000000712c00000| PB 0x0000000712c00000| Untracked 
| 110|0x0000000712e00000, 0x0000000712e00000, 0x0000000713000000|  0%| F|  |TAMS 0x0000000712e00000| PB 0x0000000712e00000| Untracked 
| 111|0x0000000713000000, 0x0000000713000000, 0x0000000713200000|  0%| F|  |TAMS 0x0000000713000000| PB 0x0000000713000000| Untracked 
| 112|0x0000000713200000, 0x0000000713200000, 0x0000000713400000|  0%| F|  |TAMS 0x0000000713200000| PB 0x0000000713200000| Untracked 
| 113|0x0000000713400000, 0x0000000713400000, 0x0000000713600000|  0%| F|  |TAMS 0x0000000713400000| PB 0x0000000713400000| Untracked 
| 114|0x0000000713600000, 0x0000000713600000, 0x0000000713800000|  0%| F|  |TAMS 0x0000000713600000| PB 0x0000000713600000| Untracked 
| 115|0x0000000713800000, 0x0000000713800000, 0x0000000713a00000|  0%| F|  |TAMS 0x0000000713800000| PB 0x0000000713800000| Untracked 
| 116|0x0000000713a00000, 0x0000000713a00000, 0x0000000713c00000|  0%| F|  |TAMS 0x0000000713a00000| PB 0x0000000713a00000| Untracked 
| 117|0x0000000713c00000, 0x0000000713c00000, 0x0000000713e00000|  0%| F|  |TAMS 0x0000000713c00000| PB 0x0000000713c00000| Untracked 
| 118|0x0000000713e00000, 0x0000000713e00000, 0x0000000714000000|  0%| F|  |TAMS 0x0000000713e00000| PB 0x0000000713e00000| Untracked 
| 119|0x0000000714000000, 0x0000000714000000, 0x0000000714200000|  0%| F|  |TAMS 0x0000000714000000| PB 0x0000000714000000| Untracked 
| 120|0x0000000714200000, 0x0000000714200000, 0x0000000714400000|  0%| F|  |TAMS 0x0000000714200000| PB 0x0000000714200000| Untracked 
| 121|0x0000000714400000, 0x0000000714400000, 0x0000000714600000|  0%| F|  |TAMS 0x0000000714400000| PB 0x0000000714400000| Untracked 
| 122|0x0000000714600000, 0x0000000714600000, 0x0000000714800000|  0%| F|  |TAMS 0x0000000714600000| PB 0x0000000714600000| Untracked 
| 123|0x0000000714800000, 0x0000000714800000, 0x0000000714a00000|  0%| F|  |TAMS 0x0000000714800000| PB 0x0000000714800000| Untracked 
| 124|0x0000000714a00000, 0x0000000714b9a210, 0x0000000714c00000| 80%| E|  |TAMS 0x0000000714a00000| PB 0x0000000714a00000| Complete 
| 125|0x0000000714c00000, 0x0000000714e00000, 0x0000000714e00000|100%| E|CS|TAMS 0x0000000714c00000| PB 0x0000000714c00000| Complete 

Card table byte_map: [0x000002c1bcb50000,0x000002c1bd330000] _byte_map_base: 0x000002c1b9327000

Marking Bits: (CMBitMap*) 0x000002c1a32b9f00
 Bits: [0x000002c1bdb10000, 0x000002c1c19c8000)

Polling page: 0x000002c1a30f0000

Metaspace:

Usage:
  Non-class:    350.39 KB used.
      Class:     22.86 KB used.
       Both:    373.25 KB used.

Virtual space:
  Non-class space:       64.00 MB reserved,     448.00 KB ( <1%) committed,  1 nodes.
      Class space:        1.00 GB reserved,     128.00 KB ( <1%) committed,  1 nodes.
             Both:        1.06 GB reserved,     576.00 KB ( <1%) committed. 

Chunk freelists:
   Non-Class:  3.97 MB
       Class:  3.74 MB
        Both:  7.71 MB

MaxMetaspaceSize: unlimited
CompressedClassSpaceSize: 1.00 GB
Initial GC threshold: 21.00 MB
Current GC threshold: 21.00 MB
CDS: on
MetaspaceReclaimPolicy: balanced
 - commit_granule_bytes: 65536.
 - commit_granule_words: 8192.
 - virtual_space_node_default_size: 8388608.
 - enlarge_chunks_in_place: 1.
 - new_chunks_are_fully_committed: 0.
 - uncommit_free_chunks: 1.
 - use_allocation_guard: 0.


Internal statistics:

num_allocs_failed_limit: 0.
num_arena_births: 22.
num_arena_deaths: 0.
num_vsnodes_births: 2.
num_vsnodes_deaths: 0.
num_space_committed: 9.
num_space_uncommitted: 0.
num_chunks_returned_to_freelist: 0.
num_chunks_taken_from_freelist: 26.
num_chunk_merges: 0.
num_chunk_splits: 16.
num_chunks_enlarged: 10.
num_inconsistent_stats: 0.

CodeHeap 'non-profiled nmethods': size=120000Kb used=62Kb max_used=62Kb free=119937Kb
 bounds [0x000002c1b4600000, 0x000002c1b4870000, 0x000002c1bbb30000]
CodeHeap 'profiled nmethods': size=120000Kb used=202Kb max_used=202Kb free=119797Kb
 bounds [0x000002c1acb30000, 0x000002c1acda0000, 0x000002c1b4060000]
CodeHeap 'non-nmethods': size=5760Kb used=1329Kb max_used=1329Kb free=4431Kb
 bounds [0x000002c1b4060000, 0x000002c1b42d0000, 0x000002c1b4600000]
 total_blobs=581 nmethods=196 adapters=296
 compilation: enabled
              stopped_count=0, restarted_count=0
 full_count=0

Compilation events (20 events):
Event: 0.118 Thread 0x000002c1c42869a0  145       3       java.util.ImmutableCollections$Set12$1::<init> (32 bytes)
Event: 0.119 Thread 0x000002c1c42869a0 nmethod 145 0x000002c1acb53d10 code [0x000002c1acb53ea0, 0x000002c1acb540e0]
Event: 0.119 Thread 0x000002c1c42869a0  147       3       java.util.HashSet::<init> (16 bytes)
Event: 0.119 Thread 0x000002c1c42869a0 nmethod 147 0x000002c1acb54210 code [0x000002c1acb543c0, 0x000002c1acb547d8]
Event: 0.119 Thread 0x000002c1c42869a0  146       1       java.lang.module.ResolvedModule::configuration (5 bytes)
Event: 0.119 Thread 0x000002c1c42869a0 nmethod 146 0x000002c1b460be10 code [0x000002c1b460bf80, 0x000002c1b460c050]
Event: 0.119 Thread 0x000002c1c42869a0  148       1       java.lang.module.ModuleDescriptor::isOpen (5 bytes)
Event: 0.119 Thread 0x000002c1c42869a0 nmethod 148 0x000002c1b460c110 code [0x000002c1b460c280, 0x000002c1b460c350]
Event: 0.119 Thread 0x000002c1c42869a0  149       1       java.util.HashMap::size (5 bytes)
Event: 0.119 Thread 0x000002c1c42869a0 nmethod 149 0x000002c1b460c410 code [0x000002c1b460c580, 0x000002c1b460c648]
Event: 0.119 Thread 0x000002c1c42869a0  150       1       java.lang.module.ModuleDescriptor$Provides::service (5 bytes)
Event: 0.119 Thread 0x000002c1c42869a0 nmethod 150 0x000002c1b460c710 code [0x000002c1b460c880, 0x000002c1b460c950]
Event: 0.125 Thread 0x000002c1c42869a0  151       3       java.util.Arrays::copyOfRange (64 bytes)
Event: 0.126 Thread 0x000002c1c42869a0 nmethod 151 0x000002c1acb54990 code [0x000002c1acb54be0, 0x000002c1acb55468]
Event: 0.126 Thread 0x000002c1c42869a0  152       3       java.lang.StringLatin1::indexOfChar (33 bytes)
Event: 0.127 Thread 0x000002c1c42869a0 nmethod 152 0x000002c1acb55810 code [0x000002c1acb559a0, 0x000002c1acb55bd8]
Event: 0.128 Thread 0x000002c1c42869a0  153       3       java.lang.String::indexOf (29 bytes)
Event: 0.128 Thread 0x000002c1c42869a0 nmethod 153 0x000002c1acb55d10 code [0x000002c1acb55ec0, 0x000002c1acb56170]
Event: 0.129 Thread 0x000002c1c42869a0  154       3       java.util.concurrent.ConcurrentHashMap$Node::<init> (20 bytes)
Event: 0.129 Thread 0x000002c1c42869a0 nmethod 154 0x000002c1acb56290 code [0x000002c1acb56420, 0x000002c1acb56660]

GC Heap History (0 events):
No events

Dll operation events (4 events):
Event: 0.012 Loaded shared library C:\Users\Admin\.jdks\openjdk-20.0.2\bin\java.dll
Event: 0.043 Loaded shared library C:\Users\Admin\.jdks\openjdk-20.0.2\bin\jsvml.dll
Event: 0.123 Loaded shared library C:\Users\Admin\.jdks\openjdk-20.0.2\bin\zip.dll
Event: 0.129 Loaded shared library C:\Users\Admin\.jdks\openjdk-20.0.2\bin\instrument.dll

Deoptimization events (0 events):
No events

Classes loaded (18 events):
Event: 0.052 Loading class sun/nio/cs/MS1251
Event: 0.053 Loading class sun/nio/cs/MS1251 done
Event: 0.054 Loading class sun/nio/cs/MS1251$Holder
Event: 0.054 Loading class sun/nio/cs/MS1251$Holder done
Event: 0.057 Loading class sun/nio/cs/UTF_8$Encoder
Event: 0.057 Loading class sun/nio/cs/UTF_8$Encoder done
Event: 0.112 Loading class jdk/internal/module/ModuleReferenceImpl$CachedHash
Event: 0.112 Loading class jdk/internal/module/ModuleReferenceImpl$CachedHash done
Event: 0.126 Loading class sun/instrument/InstrumentationImpl
Event: 0.127 Loading class java/lang/instrument/Instrumentation
Event: 0.127 Loading class java/lang/instrument/Instrumentation done
Event: 0.127 Loading class sun/instrument/InstrumentationImpl done
Event: 0.129 Loading class sun/instrument/TransformerManager
Event: 0.130 Loading class sun/instrument/TransformerManager done
Event: 0.130 Loading class sun/instrument/TransformerManager$TransformerInfo
Event: 0.130 Loading class sun/instrument/TransformerManager$TransformerInfo done
Event: 0.130 Loading class jdk/internal/loader/URLClassPath$FileLoader
Event: 0.131 Loading class jdk/internal/loader/URLClassPath$FileLoader done

Classes unloaded (0 events):
No events

Classes redefined (0 events):
No events

Internal exceptions (0 events):
No events

VM Operations (2 events):
Event: 0.111 Executing VM operation: HandshakeAllThreads
Event: 0.111 Executing VM operation: HandshakeAllThreads done

Events (10 events):
Event: 0.044 Thread 0x000002c1a3248960 Thread added: 0x000002c1a3248960
Event: 0.060 Thread 0x000002c1c4251980 Thread added: 0x000002c1c4251980
Event: 0.061 Thread 0x000002c1c42547e0 Thread added: 0x000002c1c42547e0
Event: 0.062 Thread 0x000002c1c4256400 Thread added: 0x000002c1c4256400
Event: 0.062 Thread 0x000002c1c42590b0 Thread added: 0x000002c1c42590b0
Event: 0.062 Thread 0x000002c1c4259b90 Thread added: 0x000002c1c4259b90
Event: 0.062 Thread 0x000002c1c425cc80 Thread added: 0x000002c1c425cc80
Event: 0.062 Thread 0x000002c1c4280ba0 Thread added: 0x000002c1c4280ba0
Event: 0.062 Thread 0x000002c1c42869a0 Thread added: 0x000002c1c42869a0
Event: 0.104 Thread 0x000002c1c421f2e0 Thread added: 0x000002c1c421f2e0


Dynamic libraries:
0x00007ff785390000 - 0x00007ff78539e000 	C:\Users\Admin\.jdks\openjdk-20.0.2\bin\java.exe
0x00007ffdcb410000 - 0x00007ffdcb608000 	C:\Windows\SYSTEM32\ntdll.dll
0x00007ffdca420000 - 0x00007ffdca4dd000 	C:\Windows\System32\KERNEL32.DLL
0x00007ffdc8c70000 - 0x00007ffdc8f66000 	C:\Windows\System32\KERNELBASE.dll
0x00007ffdc8b70000 - 0x00007ffdc8c70000 	C:\Windows\System32\ucrtbase.dll
0x00007ffdc4550000 - 0x00007ffdc456b000 	C:\Users\Admin\.jdks\openjdk-20.0.2\bin\VCRUNTIME140.dll
0x00007ffdc45e0000 - 0x00007ffdc45f7000 	C:\Users\Admin\.jdks\openjdk-20.0.2\bin\jli.dll
0x00007ffdc95a0000 - 0x00007ffdc973e000 	C:\Windows\System32\USER32.dll
0x00007ffdaa020000 - 0x00007ffdaa2ba000 	C:\Windows\WinSxS\amd64_microsoft.windows.common-controls_6595b64144ccf1df_6.0.19041.1110_none_60b5254171f9507e\COMCTL32.dll
0x00007ffdcb2d0000 - 0x00007ffdcb36e000 	C:\Windows\System32\msvcrt.dll
0x00007ffdca3f0000 - 0x00007ffdca41c000 	C:\Windows\System32\GDI32.dll
0x00007ffdc9100000 - 0x00007ffdc9122000 	C:\Windows\System32\win32u.dll
0x00007ffdc8fe0000 - 0x00007ffdc90fa000 	C:\Windows\System32\gdi32full.dll
0x00007ffdc9130000 - 0x00007ffdc91cd000 	C:\Windows\System32\msvcp_win.dll
0x00007ffdcab20000 - 0x00007ffdcab50000 	C:\Windows\System32\IMM32.DLL
0x00007ffdc6390000 - 0x00007ffdc639c000 	C:\Users\Admin\.jdks\openjdk-20.0.2\bin\vcruntime140_1.dll
0x00007ffd9f390000 - 0x00007ffd9f41e000 	C:\Users\Admin\.jdks\openjdk-20.0.2\bin\msvcp140.dll
0x00007ffd978c0000 - 0x00007ffd98558000 	C:\Users\Admin\.jdks\openjdk-20.0.2\bin\server\jvm.dll
0x00007ffdc9fc0000 - 0x00007ffdca06e000 	C:\Windows\System32\ADVAPI32.dll
0x00007ffdca190000 - 0x00007ffdca22c000 	C:\Windows\System32\sechost.dll
0x00007ffdc9470000 - 0x00007ffdc9596000 	C:\Windows\System32\RPCRT4.dll
0x00007ffdab4f0000 - 0x00007ffdab517000 	C:\Windows\SYSTEM32\WINMM.dll
0x00007ffdc31d0000 - 0x00007ffdc31da000 	C:\Windows\SYSTEM32\VERSION.dll
0x00007ffdc63a0000 - 0x00007ffdc63a9000 	C:\Windows\SYSTEM32\WSOCK32.dll
0x00007ffdca4e0000 - 0x00007ffdca54b000 	C:\Windows\System32\WS2_32.dll
0x00007ffdc69a0000 - 0x00007ffdc69b2000 	C:\Windows\SYSTEM32\kernel.appcore.dll
0x00007ffdc6340000 - 0x00007ffdc634a000 	C:\Users\Admin\.jdks\openjdk-20.0.2\bin\jimage.dll
0x00007ffdb5650000 - 0x00007ffdb5834000 	C:\Windows\SYSTEM32\DBGHELP.DLL
0x00007ffdb5610000 - 0x00007ffdb5644000 	C:\Windows\SYSTEM32\dbgcore.DLL
0x00007ffdc93e0000 - 0x00007ffdc9462000 	C:\Windows\System32\bcryptPrimitives.dll
0x00007ffdc4580000 - 0x00007ffdc458e000 	C:\Users\Admin\.jdks\openjdk-20.0.2\bin\instrument.dll
0x00007ffdc4500000 - 0x00007ffdc4526000 	C:\Users\Admin\.jdks\openjdk-20.0.2\bin\java.dll
0x00007ffd9def0000 - 0x00007ffd9dfc7000 	C:\Users\Admin\.jdks\openjdk-20.0.2\bin\jsvml.dll
0x00007ffdc9740000 - 0x00007ffdc9e85000 	C:\Windows\System32\SHELL32.dll
0x00007ffdc6ba0000 - 0x00007ffdc733b000 	C:\Windows\SYSTEM32\windows.storage.dll
0x00007ffdca7c0000 - 0x00007ffdcab14000 	C:\Windows\System32\combase.dll
0x00007ffdc8460000 - 0x00007ffdc848e000 	C:\Windows\SYSTEM32\Wldp.dll
0x00007ffdcb060000 - 0x00007ffdcb10d000 	C:\Windows\System32\SHCORE.dll
0x00007ffdcb110000 - 0x00007ffdcb165000 	C:\Windows\System32\shlwapi.dll
0x00007ffdc8a20000 - 0x00007ffdc8a45000 	C:\Windows\SYSTEM32\profapi.dll
0x00007ffdc07b0000 - 0x00007ffdc07c8000 	C:\Users\Admin\.jdks\openjdk-20.0.2\bin\zip.dll
0x00007ffdb6ea0000 - 0x00007ffdb6eb3000 	C:\Users\Admin\.jdks\openjdk-20.0.2\bin\net.dll
0x00007ffdc2110000 - 0x00007ffdc221a000 	C:\Windows\SYSTEM32\WINHTTP.dll
0x00007ffdc81c0000 - 0x00007ffdc822a000 	C:\Windows\system32\mswsock.dll
0x00007ffdb1da0000 - 0x00007ffdb1db6000 	C:\Users\Admin\.jdks\openjdk-20.0.2\bin\nio.dll
0x00007ffdb1c30000 - 0x00007ffdb1c4a000 	C:\Users\Admin\AppData\Local\JetBrains\IntelliJ IDEA Community Edition 2023.2.1\bin\breakgen64.dll

dbghelp: loaded successfully - version: 4.0.5 - missing functions: none
symbol engine: initialized successfully - sym options: 0x614 - pdb path: .;C:\Users\Admin\.jdks\openjdk-20.0.2\bin;C:\Windows\SYSTEM32;C:\Windows\WinSxS\amd64_microsoft.windows.common-controls_6595b64144ccf1df_6.0.19041.1110_none_60b5254171f9507e;C:\Users\Admin\.jdks\openjdk-20.0.2\bin\server;C:\Users\Admin\AppData\Local\JetBrains\IntelliJ IDEA Community Edition 2023.2.1\bin

VM Arguments:
jvm_args: -javaagent:C:\Users\Admin\AppData\Local\JetBrains\IntelliJ IDEA Community Edition 2023.2.1\lib\idea_rt.jar=54410:C:\Users\Admin\AppData\Local\JetBrains\IntelliJ IDEA Community Edition 2023.2.1\bin -Dfile.encoding=UTF-8 -Dsun.stdout.encoding=UTF-8 -Dsun.stderr.encoding=UTF-8 
java_command: homework.LongSentence
java_class_path (initial): C:\Users\Admin\AitTR-Java-Course-2023\out\production\AitTR-Java-Course-2023
Launcher Type: SUN_STANDARD

[Global flags]
     intx CICompilerCount                          = 3                                         {product} {ergonomic}
     uint ConcGCThreads                            = 2                                         {product} {ergonomic}
     uint G1ConcRefinementThreads                  = 6                                         {product} {ergonomic}
   size_t G1HeapRegionSize                         = 2097152                                   {product} {ergonomic}
    uintx GCDrainStackTargetSize                   = 64                                        {product} {ergonomic}
   size_t InitialHeapSize                          = 264241152                                 {product} {ergonomic}
   size_t MarkStackSize                            = 4194304                                   {product} {ergonomic}
   size_t MaxHeapSize                              = 4208984064                                {product} {ergonomic}
   size_t MaxNewSize                               = 2524971008                                {product} {ergonomic}
   size_t MinHeapDeltaBytes                        = 2097152                                   {product} {ergonomic}
   size_t MinHeapSize                              = 8388608                                   {product} {ergonomic}
    uintx NonNMethodCodeHeapSize                   = 5832780                                {pd product} {ergonomic}
    uintx NonProfiledCodeHeapSize                  = 122912730                              {pd product} {ergonomic}
    uintx ProfiledCodeHeapSize                     = 122912730                              {pd product} {ergonomic}
    uintx ReservedCodeCacheSize                    = 251658240                              {pd product} {ergonomic}
     bool SegmentedCodeCache                       = true                                      {product} {ergonomic}
   size_t SoftMaxHeapSize                          = 4208984064                             {manageable} {ergonomic}
     bool UseCompressedClassPointers               = true                           {product lp64_product} {ergonomic}
     bool UseCompressedOops                        = true                           {product lp64_product} {ergonomic}
     bool UseG1GC                                  = true                                      {product} {ergonomic}
     bool UseLargePagesIndividualAllocation        = false                                  {pd product} {ergonomic}

Logging:
Log output configuration:
 #0: stdout all=warning uptime,level,tags foldmultilines=false
 #1: stderr all=off uptime,level,tags foldmultilines=false

Environment Variables:
PATH=C:\Windows\system32;C:\Windows;C:\Windows\System32\Wbem;C:\Windows\System32\WindowsPowerShell\v1.0\;C:\Windows\System32\OpenSSH\;C:\Users\Admin\AppData\Local\Microsoft\WindowsApps;;C:\Users\Admin\Desktop\Microsoft VS Code\bin
USERNAME=Admin
OS=Windows_NT
PROCESSOR_IDENTIFIER=Intel64 Family 6 Model 158 Stepping 10, GenuineIntel
TMP=C:\Users\Admin\AppData\Local\Temp
TEMP=C:\Users\Admin\AppData\Local\Temp




---------------  S Y S T E M  ---------------

OS:
 Windows 10 , 64 bit Build 19041 (10.0.19041.3393)
OS uptime: 25 days 17:22 hours

CPU: total 6 (initial active 6) (6 cores per cpu, 1 threads per core) family 6 model 158 stepping 10 microcode 0xb4, cx8, cmov, fxsr, mmx, 3dnowpref, sse, sse2, sse3, ssse3, sse4.1, sse4.2, popcnt, lzcnt, tsc, tscinvbit, avx, avx2, aes, erms, clmul, bmi1, bmi2, adx, fma, vzeroupper, clflush, clflushopt, rdtscp, f16c

Memory: 4k page, system-wide physical 16055M (4207M free)
TotalPageFile size 28773M (AvailPageFile size 313M)
current process WorkingSet (physical memory assigned to process): 37M, peak: 37M
current process commit charge ("private bytes"): 333M, peak: 333M

vm_info: OpenJDK 64-Bit Server VM (20.0.2+9-78) for windows-amd64 JRE (20.0.2+9-78), built on 2023-06-14T10:08:48Z by "mach5one" with MS VC++ 17.1 (VS2022)

END.
